<?xml version="1.0" encoding="UTF-8"?>
<testsuite name="algorithmic_toolbox.week2.TesteServicoAutenticacao" tests="2" skipped="0" failures="0" errors="0" timestamp="2021-05-29T15:01:07" hostname="DESKTOP-JHHKJ6T" time="0.016">
  <properties/>
  <testcase name="test0" classname="algorithmic_toolbox.week2.TesteServicoAutenticacao" time="0.015"/>
  <testcase name="test1" classname="algorithmic_toolbox.week2.TesteServicoAutenticacao" time="0.001"/>
  <system-out><![CDATA[]]></system-out>
  <system-err><![CDATA[]]></system-err>
</testsuite>
